[35m[Appium][39m Welcome to Appium v1.20.0
[35m[Appium][39m Non-default server args:
[35m[Appium][39m   port: 50623
[35m[Appium][39m   tmpDir: C:\Users\Jose\AppData\Local\Temp\\Katalon\Appium\Temp1693585662671
[35m[Appium][39m   chromedriverPort: 50624
[35m[Appium][39m Deprecated server args:
[35m[Appium][39m   [31m--chromedriver-port[39m => --default-capabilities
[35m[Appium][39m Default capabilities, which will be added to each request unless overridden by desired capabilities:
[35m[Appium][39m   chromedriverPort: 50624
[35m[Appium][39m Appium REST http interface listener started on 0.0.0.0:50623
[35m[HTTP][39m [37m-->[39m [37mGET[39m [37m/wd/hub/status[39m
[35m[HTTP][39m [90m{}[39m
[debug] [35m[GENERIC][39m Calling AppiumDriver.getStatus() with args: []
[debug] [35m[GENERIC][39m Responding to client with driver.getStatus() result: {"build":{"version":"1.20.0"}}
[35m[HTTP][39m [37m<-- GET /wd/hub/status [39m[32m200[39m [90m21 ms - 68[39m
[35m[HTTP][39m [90m[39m
[35m[HTTP][39m [37m-->[39m [37mGET[39m [37m/wd/hub/status[39m
[35m[HTTP][39m [90m{}[39m
[debug] [35m[GENERIC][39m Calling AppiumDriver.getStatus() with args: []
[debug] [35m[GENERIC][39m Responding to client with driver.getStatus() result: {"build":{"version":"1.20.0"}}
[35m[HTTP][39m [37m<-- GET /wd/hub/status [39m[32m200[39m [90m2 ms - 68[39m
[35m[HTTP][39m [90m[39m
[35m[HTTP][39m [37m-->[39m [37mPOST[39m [37m/wd/hub/session[39m
[35m[HTTP][39m [90m{"desiredCapabilities":{"appActivity":".Settings","appPackage":"com.android.settings","newCommandTimeout":1800,"platformVersion":"12","automationName":"uiautomator2","autoGrantPermissions":true,"platformName":"Android","udid":"794f5e71","deviceName":"Xiaomi Redmi Note 9S (Android 12)","platform":"ANDROID","systemPort":8279},"capabilities":{"firstMatch":[{"appium:appActivity":".Settings","appium:appPackage":"com.android.settings","appium:autoGrantPermissions":true,"appium:automationName":"uiautomator2","appium:deviceName":"Xiaomi Redmi Note 9S (Android 12)","appium:newCommandTimeout":1800,"platform":"ANDROID","platformName":"android","appium:platformVersion":"12","appium:systemPort":8279,"appium:udid":"794f5e71"}]}}[39m
[debug] [35m[W3C][39m Calling AppiumDriver.createSession() with args: [{"appActivity":".Settings","appPackage":"com.android.settings","newCommandTimeout":1800,"platformVersion":"12","automationName":"uiautomator2","autoGrantPermissions":true,"platformName":"Android","udid":"794f5e71","deviceName":"Xiaomi Redmi Note 9S (Android 12)","platform":"ANDROID","systemPort":8279},null,{"firstMatch":[{"appium:appActivity":".Settings","appium:appPackage":"com.android.settings","appium:autoGrantPermissions":true,"appium:automationName":"uiautomator2","appium:deviceName":"Xiaomi Redmi Note 9S (Android 12)","appium:newCommandTimeout":1800,"platform":"ANDROID","platformName":"android","appium:platformVersion":"12","appium:systemPort":8279,"appium:udid":"794f5e71"}]}]
[debug] [35m[BaseDriver][39m Event 'newSessionRequested' logged at 1693585700320 (12:28:20 GMT-0400 (hora de Venezuela))
[35m[BaseDriver][39m The following capabilities are not standard capabilities and should have an extension prefix:
[35m[BaseDriver][39m   platform
[35m[BaseDriver][39m   chromedriverPort
[35m[Appium][39m Appium v1.20.0 creating new AndroidUiautomator2Driver (v1.60.0) session
[debug] [35m[BaseDriver][39m W3C capabilities and MJSONWP desired capabilities were provided
[debug] [35m[BaseDriver][39m Creating session with W3C capabilities: {
[debug] [35m[BaseDriver][39m   "alwaysMatch": {
[debug] [35m[BaseDriver][39m     "appium:platform": "ANDROID",
[debug] [35m[BaseDriver][39m     "platformName": "android",
[debug] [35m[BaseDriver][39m     "appium:chromedriverPort": 50624,
[debug] [35m[BaseDriver][39m     "appium:appActivity": ".Settings",
[debug] [35m[BaseDriver][39m     "appium:appPackage": "com.android.settings",
[debug] [35m[BaseDriver][39m     "appium:autoGrantPermissions": true,
[debug] [35m[BaseDriver][39m     "appium:automationName": "uiautomator2",
[debug] [35m[BaseDriver][39m     "appium:deviceName": "Xiaomi Redmi Note 9S (Android 12)",
[debug] [35m[BaseDriver][39m     "appium:newCommandTimeout": 1800,
[debug] [35m[BaseDriver][39m     "appium:platformVersion": "12",
[debug] [35m[BaseDriver][39m     "appium:systemPort": 8279,
[debug] [35m[BaseDriver][39m     "appium:udid": "794f5e71"
[debug] [35m[BaseDriver][39m   },
[debug] [35m[BaseDriver][39m   "firstMatch": [
[debug] [35m[BaseDriver][39m     {}
[debug] [35m[BaseDriver][39m   ]
[debug] [35m[BaseDriver][39m }
[35m[BaseDriver][39m The following capabilities were provided, but are not recognized by Appium:
[35m[BaseDriver][39m   platform
[35m[BaseDriver][39m Session created with session id: bc1b174a-6175-4400-92a4-837448013155
[35m[UiAutomator2][39m Starting 'com.android.settings' directly on the device
[35m[ADB][39m Found 2 'build-tools' folders under 'C:\Users\Jose\AppData\Local\Android\Sdk' (newest first):
[35m[ADB][39m     C:/Users/Jose/AppData/Local/Android/Sdk/build-tools/34.0.0
[35m[ADB][39m     C:/Users/Jose/AppData/Local/Android/Sdk/build-tools/30.0.3
[35m[ADB][39m Using 'adb.exe' from 'C:\Users\Jose\AppData\Local\Android\Sdk\platform-tools\adb.exe'
[debug] [35m[ADB][39m Running 'C:\Users\Jose\AppData\Local\Android\Sdk\platform-tools\adb.exe -P 5037 start-server'
[35m[AndroidDriver][39m Retrieving device list
[debug] [35m[ADB][39m Trying to find a connected android device
[debug] [35m[ADB][39m Getting connected devices
[debug] [35m[ADB][39m Connected devices: [{"udid":"794f5e71","state":"device"}]
[35m[AndroidDriver][39m Using device: 794f5e71
[35m[ADB][39m Using 'adb.exe' from 'C:\Users\Jose\AppData\Local\Android\Sdk\platform-tools\adb.exe'
[debug] [35m[ADB][39m Running 'C:\Users\Jose\AppData\Local\Android\Sdk\platform-tools\adb.exe -P 5037 start-server'
[debug] [35m[ADB][39m Setting device id to 794f5e71
[debug] [35m[ADB][39m Running 'C:\Users\Jose\AppData\Local\Android\Sdk\platform-tools\adb.exe -P 5037 -s 794f5e71 shell getprop ro.build.version.sdk'
[debug] [35m[ADB][39m Current device property 'ro.build.version.sdk': 31
[35m[ADB][39m Getting device platform version
[debug] [35m[ADB][39m Running 'C:\Users\Jose\AppData\Local\Android\Sdk\platform-tools\adb.exe -P 5037 -s 794f5e71 shell getprop ro.build.version.release'
[debug] [35m[ADB][39m Current device property 'ro.build.version.release': 12
[debug] [35m[ADB][39m Device API level: 31
[35m[UiAutomator2][39m Relaxing hidden api policy
[debug] [35m[ADB][39m Running 'C:\Users\Jose\AppData\Local\Android\Sdk\platform-tools\adb.exe -P 5037 -s 794f5e71 shell 'settings put global hidden_api_policy_pre_p_apps 1;settings put global hidden_api_policy_p_apps 1;settings put global hidden_api_policy 1''
[35m[AndroidDriver][39m No app sent in, not parsing package/activity
[debug] [35m[ADB][39m Running 'C:\Users\Jose\AppData\Local\Android\Sdk\platform-tools\adb.exe -P 5037 -s 794f5e71 wait-for-device'
[debug] [35m[ADB][39m Running 'C:\Users\Jose\AppData\Local\Android\Sdk\platform-tools\adb.exe -P 5037 -s 794f5e71 shell echo ping'
[debug] [35m[AndroidDriver][39m Pushing settings apk to device...
[debug] [35m[ADB][39m Getting install status for io.appium.settings
[debug] [35m[ADB][39m Running 'C:\Users\Jose\AppData\Local\Android\Sdk\platform-tools\adb.exe -P 5037 -s 794f5e71 shell dumpsys package io.appium.settings'
[debug] [35m[ADB][39m 'io.appium.settings' is installed
[debug] [35m[ADB][39m Getting package info for 'io.appium.settings'
[debug] [35m[ADB][39m Running 'C:\Users\Jose\AppData\Local\Android\Sdk\platform-tools\adb.exe -P 5037 -s 794f5e71 shell dumpsys package io.appium.settings'
[debug] [35m[ADB][39m The version code of the installed 'io.appium.settings' is greater than the application version code (58 > 28)
[debug] [35m[ADB][39m There is no need to downgrade 'io.appium.settings'
[debug] [35m[ADB][39m Getting IDs of all 'io.appium.settings' processes
[debug] [35m[ADB][39m Running 'C:\Users\Jose\AppData\Local\Android\Sdk\platform-tools\adb.exe -P 5037 -s 794f5e71 shell 'pgrep --help; echo $?''
[debug] [35m[ADB][39m Running 'C:\Users\Jose\AppData\Local\Android\Sdk\platform-tools\adb.exe -P 5037 -s 794f5e71 shell pgrep -f \(\[\[:blank:\]\]\|\^\)io\.appium\.settings\(\[\[:blank:\]\]\|\$\)'
[debug] [35m[AndroidDriver][39m io.appium.settings is already running. There is no need to reset its permissions.
[debug] [35m[ADB][39m Running 'C:\Users\Jose\AppData\Local\Android\Sdk\platform-tools\adb.exe -P 5037 -s 794f5e71 shell appops set io.appium.settings android:mock_location allow'
[debug] [35m[Logcat][39m Starting logs capture with command: C:\\Users\\Jose\\AppData\\Local\\Android\\Sdk\\platform-tools\\adb.exe -P 5037 -s 794f5e71 logcat -v threadtime
[debug] [35m[UiAutomator2][39m Forwarding UiAutomator2 Server port 6790 to local port 8279
[debug] [35m[ADB][39m Forwarding system: 8279 to device: 6790
[debug] [35m[ADB][39m Running 'C:\Users\Jose\AppData\Local\Android\Sdk\platform-tools\adb.exe -P 5037 -s 794f5e71 forward tcp:8279 tcp:6790'
[debug] [35m[ADB][39m Getting install status for io.appium.uiautomator2.server
[debug] [35m[ADB][39m Running 'C:\Users\Jose\AppData\Local\Android\Sdk\platform-tools\adb.exe -P 5037 -s 794f5e71 shell dumpsys package io.appium.uiautomator2.server'
[debug] [35m[ADB][39m 'io.appium.uiautomator2.server' is installed
[debug] [35m[ADB][39m Getting package info for 'io.appium.uiautomator2.server'
[debug] [35m[ADB][39m Running 'C:\Users\Jose\AppData\Local\Android\Sdk\platform-tools\adb.exe -P 5037 -s 794f5e71 shell dumpsys package io.appium.uiautomator2.server'
[debug] [35m[ADB][39m The version name of the installed 'io.appium.uiautomator2.server' is greater or equal to the application version name ('4.17.2' >= '4.17.2')
[debug] [35m[UiAutomator2][39m io.appium.uiautomator2.server installation state: sameVersionInstalled
[debug] [35m[ADB][39m Checking app cert for C:\Users\Jose\AppData\Roaming\npm\node_modules\appium\node_modules\appium-uiautomator2-server\apks\appium-uiautomator2-server-v4.17.2.apk
[35m[ADB][39m Using 'apksigner.jar' from 'C:\Users\Jose\AppData\Local\Android\Sdk\build-tools\34.0.0\lib\apksigner.jar'
[debug] [35m[ADB][39m Starting apksigner: C:\\Users\\Jose\\.katalon\\packages\\Katalon_Studio_Windows_64-8.6.5\\Katalon_Studio_Windows_64-8.6.5\\jre\\bin\\java.exe -Xmx1024M -Xss1m -jar C:\\Users\\Jose\\AppData\\Local\\Android\\Sdk\\build-tools\\34.0.0\\lib\\apksigner.jar verify --print-certs C:\\Users\\Jose\\AppData\\Roaming\\npm\\node_modules\\appium\\node_modules\\appium-uiautomator2-server\\apks\\appium-uiautomator2-server-v4.17.2.apk
[debug] [35m[ADB][39m apksigner stdout: Signer #1 certificate DN: EMAILADDRESS=android@android.com, CN=Android, OU=Android, O=Android, L=Mountain View, ST=California, C=US
[debug] [35m[ADB][39m Signer #1 certificate SHA-256 digest: a40da80a59d170caa950cf15c18c454d47a39b26989d8b640ecd745ba71bf5dc
[debug] [35m[ADB][39m Signer #1 certificate SHA-1 digest: 61ed377e85d386a8dfee6b864bd85b0bfaa5af81
[debug] [35m[ADB][39m Signer #1 certificate MD5 digest: e89b158e4bcf988ebd09eb83f5378e87
[debug] [35m[ADB][39m 
[debug] [35m[ADB][39m sha256 hash did match for 'appium-uiautomator2-server-v4.17.2.apk'
[35m[ADB][39m 'C:\Users\Jose\AppData\Roaming\npm\node_modules\appium\node_modules\appium-uiautomator2-server\apks\appium-uiautomator2-server-v4.17.2.apk' is signed with the default certificate
[debug] [35m[ADB][39m Getting install status for io.appium.uiautomator2.server.test
[debug] [35m[ADB][39m Running 'C:\Users\Jose\AppData\Local\Android\Sdk\platform-tools\adb.exe -P 5037 -s 794f5e71 shell dumpsys package io.appium.uiautomator2.server.test'
[debug] [35m[ADB][39m 'io.appium.uiautomator2.server.test' is installed
[debug] [35m[ADB][39m Checking app cert for C:\Users\Jose\AppData\Roaming\npm\node_modules\appium\node_modules\appium-uiautomator2-server\apks\appium-uiautomator2-server-debug-androidTest.apk
[debug] [35m[ADB][39m Starting apksigner: C:\\Users\\Jose\\.katalon\\packages\\Katalon_Studio_Windows_64-8.6.5\\Katalon_Studio_Windows_64-8.6.5\\jre\\bin\\java.exe -Xmx1024M -Xss1m -jar C:\\Users\\Jose\\AppData\\Local\\Android\\Sdk\\build-tools\\34.0.0\\lib\\apksigner.jar verify --print-certs C:\\Users\\Jose\\AppData\\Roaming\\npm\\node_modules\\appium\\node_modules\\appium-uiautomator2-server\\apks\\appium-uiautomator2-server-debug-androidTest.apk
[debug] [35m[ADB][39m apksigner stdout: Signer #1 certificate DN: EMAILADDRESS=android@android.com, CN=Android, OU=Android, O=Android, L=Mountain View, ST=California, C=US
[debug] [35m[ADB][39m Signer #1 certificate SHA-256 digest: a40da80a59d170caa950cf15c18c454d47a39b26989d8b640ecd745ba71bf5dc
[debug] [35m[ADB][39m Signer #1 certificate SHA-1 digest: 61ed377e85d386a8dfee6b864bd85b0bfaa5af81
[debug] [35m[ADB][39m Signer #1 certificate MD5 digest: e89b158e4bcf988ebd09eb83f5378e87
[debug] [35m[ADB][39m 
[debug] [35m[ADB][39m sha256 hash did match for 'appium-uiautomator2-server-debug-androidTest.apk'
[35m[ADB][39m 'C:\Users\Jose\AppData\Roaming\npm\node_modules\appium\node_modules\appium-uiautomator2-server\apks\appium-uiautomator2-server-debug-androidTest.apk' is signed with the default certificate
[35m[UiAutomator2][39m Server packages are not going to be (re)installed
[debug] [35m[UiAutomator2][39m Waiting up to 30000ms for services to be available
[debug] [35m[ADB][39m Running 'C:\Users\Jose\AppData\Local\Android\Sdk\platform-tools\adb.exe -P 5037 -s 794f5e71 shell pm list instrumentation'
[debug] [35m[UiAutomator2][39m Instrumentation target 'io.appium.uiautomator2.server.test/androidx.test.runner.AndroidJUnitRunner' is available
[35m[ADB][39m Adding packages ["io.appium.settings","io.appium.uiautomator2.server","io.appium.uiautomator2.server.test"] to Doze whitelist
[debug] [35m[ADB][39m Got the following command chunks to execute: [["dumpsys","deviceidle","whitelist","+io.appium.settings",";","dumpsys","deviceidle","whitelist","+io.appium.uiautomator2.server",";","dumpsys","deviceidle","whitelist","+io.appium.uiautomator2.server.test",";"]]
[debug] [35m[ADB][39m Running 'C:\Users\Jose\AppData\Local\Android\Sdk\platform-tools\adb.exe -P 5037 -s 794f5e71 shell dumpsys deviceidle whitelist +io.appium.settings ; dumpsys deviceidle whitelist +io.appium.uiautomator2.server ; dumpsys deviceidle whitelist +io.appium.uiautomator2.server.test ;'
[debug] [35m[UiAutomator2][39m No app capability. Assuming it is already on the device
[debug] [35m[ADB][39m Getting install status for com.android.settings
[debug] [35m[ADB][39m Running 'C:\Users\Jose\AppData\Local\Android\Sdk\platform-tools\adb.exe -P 5037 -s 794f5e71 shell dumpsys package com.android.settings'
[debug] [35m[ADB][39m 'com.android.settings' is installed
[debug] [35m[ADB][39m Running 'C:\Users\Jose\AppData\Local\Android\Sdk\platform-tools\adb.exe -P 5037 -s 794f5e71 shell am force-stop com.android.settings'
[debug] [35m[ADB][39m Running 'C:\Users\Jose\AppData\Local\Android\Sdk\platform-tools\adb.exe -P 5037 -s 794f5e71 shell pm clear com.android.settings'
[debug] [35m[ADB][39m Running 'C:\Users\Jose\AppData\Local\Android\Sdk\platform-tools\adb.exe -P 5037 -s 794f5e71 shell dumpsys package com.android.settings'
[debug] [35m[ADB][39m Retrieving requested permissions
[debug] [35m[ADB][39m Retrieved 381 permissions from requested group
[debug] [35m[ADB][39m Retrieving granted permissions
[debug] [35m[ADB][39m Retrieved 322 permissions from install,runtime groups
[debug] [35m[ADB][39m Granting permissions ["android.globallauncher.permission.READ_SETTINGS","android.globallauncher.permission.WRITE_SETTINGS"] to 'com.android.settings'
[debug] [35m[ADB][39m Got the following command chunks to execute: [["pm","grant","com.android.settings","android.globallauncher.permission.READ_SETTINGS",";","pm","grant","com.android.settings","android.globallauncher.permission.WRITE_SETTINGS",";"]]
[debug] [35m[ADB][39m Running 'C:\Users\Jose\AppData\Local\Android\Sdk\platform-tools\adb.exe -P 5037 -s 794f5e71 shell pm grant com.android.settings android.globallauncher.permission.READ_SETTINGS ; pm grant com.android.settings android.globallauncher.permission.WRITE_SETTINGS ;'
[debug] [35m[AndroidDriver][39m Performed fast reset on the installed 'com.android.settings' application (stop and clear)
[debug] [35m[UiAutomator2][39m Performing shallow cleanup of automation leftovers
[debug] [35m[UiAutomator2][39m The following obsolete sessions are still running: [null]
[debug] [35m[UiAutomator2][39m Cleaning up the obsolete sessions
[debug] [35m[ADB][39m Running 'C:\Users\Jose\AppData\Local\Android\Sdk\platform-tools\adb.exe -P 5037 -s 794f5e71 shell am force-stop io.appium.uiautomator2.server.test'
[35m[UiAutomator2][39m Starting UIAutomator2 server 4.17.2
[35m[UiAutomator2][39m Using UIAutomator2 server from 'C:\Users\Jose\AppData\Roaming\npm\node_modules\appium\node_modules\appium-uiautomator2-server\apks\appium-uiautomator2-server-v4.17.2.apk' and test from 'C:\Users\Jose\AppData\Roaming\npm\node_modules\appium\node_modules\appium-uiautomator2-server\apks\appium-uiautomator2-server-debug-androidTest.apk'
[35m[UiAutomator2][39m Waiting up to 30000ms for UiAutomator2 to be online...
[debug] [35m[ADB][39m Creating ADB subprocess with args: ["-P",5037,"-s","794f5e71","shell","am","instrument","-w","io.appium.uiautomator2.server.test/androidx.test.runner.AndroidJUnitRunner"]
[debug] [35m[WD Proxy][39m Matched '/status' to command name 'getStatus'
[debug] [35m[WD Proxy][39m Proxying [GET /status] to [GET http://127.0.0.1:8279/wd/hub/status] with no body
[35m[WD Proxy][39m socket hang up
[debug] [35m[WD Proxy][39m Matched '/status' to command name 'getStatus'
[debug] [35m[WD Proxy][39m Proxying [GET /status] to [GET http://127.0.0.1:8279/wd/hub/status] with no body
[35m[WD Proxy][39m socket hang up
[debug] [35m[WD Proxy][39m Matched '/status' to command name 'getStatus'
[debug] [35m[WD Proxy][39m Proxying [GET /status] to [GET http://127.0.0.1:8279/wd/hub/status] with no body
[35m[WD Proxy][39m socket hang up
[debug] [35m[WD Proxy][39m Matched '/status' to command name 'getStatus'
[debug] [35m[WD Proxy][39m Proxying [GET /status] to [GET http://127.0.0.1:8279/wd/hub/status] with no body
[35m[WD Proxy][39m socket hang up
[debug] [35m[WD Proxy][39m Matched '/status' to command name 'getStatus'
[debug] [35m[WD Proxy][39m Proxying [GET /status] to [GET http://127.0.0.1:8279/wd/hub/status] with no body
[35m[WD Proxy][39m socket hang up
[debug] [35m[Instrumentation][39m io.appium.uiautomator2.server.test.AppiumUiAutomator2Server:
[debug] [35m[WD Proxy][39m Matched '/status' to command name 'getStatus'
[debug] [35m[WD Proxy][39m Proxying [GET /status] to [GET http://127.0.0.1:8279/wd/hub/status] with no body
[35m[WD Proxy][39m socket hang up
[debug] [35m[WD Proxy][39m Matched '/status' to command name 'getStatus'
[debug] [35m[WD Proxy][39m Proxying [GET /status] to [GET http://127.0.0.1:8279/wd/hub/status] with no body
[debug] [35m[WD Proxy][39m Got response with status 200: {"sessionId":"None","value":{"message":"UiAutomator2 Server is ready to accept commands","ready":true}}
[debug] [35m[UiAutomator2][39m The initialization of the instrumentation process took 6274ms
[debug] [35m[WD Proxy][39m Matched '/session' to command name 'createSession'
[debug] [35m[WD Proxy][39m Proxying [POST /session] to [POST http://127.0.0.1:8279/wd/hub/session] with body: {"capabilities":{"firstMatch":[{"platform":"ANDROID","webStorageEnabled":false,"takesScreenshot":true,"javascriptEnabled":true,"databaseEnabled":false,"networkConnectionEnabled":true,"locationContextEnabled":false,"warnings":{},"desired":{"platformName":"android","platform":"ANDROID","chromedriverPort":50624,"appActivity":".Settings","appPackage":"com.android.settings","autoGrantPermissions":true,"automationName":"uiautomator2","deviceName":"Xiaomi Redmi Note 9S (Android 12)","newCommandTimeout":1800,"platformVersion":"12","systemPort":8279,"udid":"794f5e71"},"platformName":"android","chromedriverPort":50624,"appActivity":".Settings","appPackage":"com.android.settings","autoGrantPermissions":true,"automationName":"uiautomator2","deviceName":"794f5e71","newCommandTimeout":1800,"platformVersion":"12","systemPort":8279,"udid":"794f5e71","deviceUDID":"794f5e71"}],"alwaysMatch":{}}}
[debug] [35m[WD Proxy][39m Got response with status 200: {"sessionId":"a2107d3e-ae94-4878-a0c6-5f46a9d9ce70","value":{"capabilities":{"firstMatch":[{"platform":"ANDROID","webStorageEnabled":false,"takesScreenshot":true,"javascriptEnabled":true,"databaseEnabled":false,"networkConnectionEnabled":true,"locationContextEnabled":false,"warnings":{},"desired":{"platformName":"android","platform":"ANDROID","chromedriverPort":50624,"appActivity":".Settings","appPackage":"com.android.settings","autoGrantPermissions":true,"automationName":"uiautomator2","deviceName":"Xiaomi Redmi Note 9S (Android 12)","newCommandTimeout":1800,"platformVersion":"12","systemPort":8279,"udid":"794f5e71"},"platformName":"android","chromedriverPort":50624,"appActivity":".Settings","appPackage":"com.android.settings","autoGrantPermissions":true,"automationName":"uiautomator2","deviceName":"794f5e71","newCommandTimeout":1800,"platformVersion":"12","systemPort":8279,"udid":"794f5e71","deviceUDID":"794f5e71"}],"alwaysMatch":{}},"sessionId":"a2107d3e-ae94-4878-a0c6-5f46a9d9ce70"}}
[35m[WD Proxy][39m Determined the downstream protocol as 'W3C'
[debug] [35m[WD Proxy][39m Proxying [GET /appium/device/info] to [GET http://127.0.0.1:8279/wd/hub/session/a2107d3e-ae94-4878-a0c6-5f46a9d9ce70/appium/device/info] with no body
[debug] [35m[WD Proxy][39m Got response with status 200: {"sessionId":"a2107d3e-ae94-4878-a0c6-5f46a9d9ce70","value":{"androidId":"f8acd6a8bef376ff","apiVersion":"31","bluetooth":{"state":"OFF"},"brand":"Redmi","carrierName":"Movistar","displayDensity":440,"locale":"es_US","manufacturer":"Xiaomi","model":"Redmi Note 9S","networks":[{"capabilities":{"SSID":null,"linkDownBandwidthKbps":7072,"linkUpstreamBandwidthKbps":4381,"networkCapabilities":"NET_CAPABILITY_NOT_METERED,NET_CAPABILITY_INTERNET,NET_CAPABILITY_NOT_RESTRICTED,NET_CAPABILITY_TRUSTED,NET_CAPABILITY_NOT_VPN,NET_CAPABILITY_VALIDATED,NET_CAPABILITY_NOT_ROAMING,NET_CAPABILITY_FOREGROUND,NET_CAPABILITY_NOT_CONGESTED,NET_CAPABILITY_NOT_SUSPENDED","signalStrength":-38,"transportTypes":"TRANSPORT_WIFI"},"detailedState":"CONNECTED","extraInfo":"","isAvailable":true,"isConnected":true,"isFailover":false,"isRoaming":false,"state":"CONNECTED","subtype":-1,"subtypeName":"","type":1,"typeName":"WIFI"}],"platformVersion":"12","realDisplaySize":"1080x2400","timeZone":"America/Caracas"}}
[debug] [35m[ADB][39m Running 'C:\Users\Jose\AppData\Local\Android\Sdk\platform-tools\adb.exe -P 5037 -s 794f5e71 shell dumpsys window'
[35m[AndroidDriver][39m Screen already unlocked, doing nothing
[35m[UiAutomator2][39m Starting 'com.android.settings/.Settings and waiting for 'com.android.settings/.Settings'
[debug] [35m[ADB][39m Running 'C:\Users\Jose\AppData\Local\Android\Sdk\platform-tools\adb.exe -P 5037 -s 794f5e71 shell am start -W -n com.android.settings/.Settings -S -a android.intent.action.MAIN -c android.intent.category.LAUNCHER -f 0x10200000'
[debug] [35m[WD Proxy][39m Proxying [GET /appium/device/pixel_ratio] to [GET http://127.0.0.1:8279/wd/hub/session/a2107d3e-ae94-4878-a0c6-5f46a9d9ce70/appium/device/pixel_ratio] with no body
[debug] [35m[WD Proxy][39m Got response with status 200: {"sessionId":"a2107d3e-ae94-4878-a0c6-5f46a9d9ce70","value":2.75}
[debug] [35m[WD Proxy][39m Matched '/appium/device/system_bars' to command name 'getSystemBars'
[debug] [35m[WD Proxy][39m Proxying [GET /appium/device/system_bars] to [GET http://127.0.0.1:8279/wd/hub/session/a2107d3e-ae94-4878-a0c6-5f46a9d9ce70/appium/device/system_bars] with no body
[debug] [35m[WD Proxy][39m Got response with status 200: {"sessionId":"a2107d3e-ae94-4878-a0c6-5f46a9d9ce70","value":{"statusBar":102}}
[debug] [35m[WD Proxy][39m Matched '/window/current/size' to command name 'getWindowSize'
[debug] [35m[WD Proxy][39m Proxying [GET /window/current/size] to [GET http://127.0.0.1:8279/wd/hub/session/a2107d3e-ae94-4878-a0c6-5f46a9d9ce70/window/current/size] with no body
[debug] [35m[WD Proxy][39m Got response with status 200: {"sessionId":"a2107d3e-ae94-4878-a0c6-5f46a9d9ce70","value":{"height":2254,"width":1080}}
[35m[Appium][39m New AndroidUiautomator2Driver session created successfully, session bc1b174a-6175-4400-92a4-837448013155 added to master session list
[debug] [35m[BaseDriver][39m Event 'newSessionStarted' logged at 1693585724975 (12:28:44 GMT-0400 (hora de Venezuela))
[debug] [35m[W3C (bc1b174a)][39m Cached the protocol value 'W3C' for the new session bc1b174a-6175-4400-92a4-837448013155
[debug] [35m[W3C (bc1b174a)][39m Responding to client with driver.createSession() result: {"capabilities":{"platform":"ANDROID","webStorageEnabled":false,"takesScreenshot":true,"javascriptEnabled":true,"databaseEnabled":false,"networkConnectionEnabled":true,"locationContextEnabled":false,"warnings":{},"desired":{"platformName":"android","platform":"ANDROID","chromedriverPort":50624,"appActivity":".Settings","appPackage":"com.android.settings","autoGrantPermissions":true,"automationName":"uiautomator2","deviceName":"Xiaomi Redmi Note 9S (Android 12)","newCommandTimeout":1800,"platformVersion":"12","systemPort":8279,"udid":"794f5e71"},"platformName":"android","chromedriverPort":50624,"appActivity":".Settings","appPackage":"com.android.settings","autoGrantPermissions":true,"automationName":"uiautomator2","deviceName":"794f5e71","newCommandTimeout":1800,"platformVersion":"12","systemPort":8279,"udid":"794f5e71","deviceUDID":"794f5e71","deviceApiLevel":31,"deviceScreenSize":"1080x2400","deviceScreenDensity":440,"deviceModel":"Redmi Note 9S","deviceManufacturer":"Xiaomi","pixelRatio":2.75,"statBarHei...
[35m[HTTP][39m [37m<-- POST /wd/hub/session [39m[32m200[39m [90m24663 ms - 1155[39m
[35m[HTTP][39m [90m[39m
[35m[HTTP][39m [37m-->[39m [37mGET[39m [37m/wd/hub/session/bc1b174a-6175-4400-92a4-837448013155[39m
[35m[HTTP][39m [90m{}[39m
[debug] [35m[W3C (bc1b174a)][39m Calling AppiumDriver.getSession() with args: ["bc1b174a-6175-4400-92a4-837448013155"]
[debug] [35m[UiAutomator2][39m Getting session details from server to mix in
[debug] [35m[WD Proxy][39m Matched '/' to command name 'getSession'
[debug] [35m[WD Proxy][39m Proxying [GET /] to [GET http://127.0.0.1:8279/wd/hub/session/a2107d3e-ae94-4878-a0c6-5f46a9d9ce70] with no body
[debug] [35m[WD Proxy][39m Got response with status 200: {"sessionId":"a2107d3e-ae94-4878-a0c6-5f46a9d9ce70","value":{"lastScrollData":null}}
[debug] [35m[W3C (bc1b174a)][39m Responding to client with driver.getSession() result: {"platform":"ANDROID","webStorageEnabled":false,"takesScreenshot":true,"javascriptEnabled":true,"databaseEnabled":false,"networkConnectionEnabled":true,"locationContextEnabled":false,"warnings":{},"desired":{"platformName":"android","platform":"ANDROID","chromedriverPort":50624,"appActivity":".Settings","appPackage":"com.android.settings","autoGrantPermissions":true,"automationName":"uiautomator2","deviceName":"Xiaomi Redmi Note 9S (Android 12)","newCommandTimeout":1800,"platformVersion":"12","systemPort":8279,"udid":"794f5e71"},"platformName":"android","chromedriverPort":50624,"appActivity":".Settings","appPackage":"com.android.settings","autoGrantPermissions":true,"automationName":"uiautomator2","deviceName":"794f5e71","newCommandTimeout":1800,"platformVersion":"12","systemPort":8279,"udid":"794f5e71","deviceUDID":"794f5e71","deviceApiLevel":31,"deviceScreenSize":"1080x2400","deviceScreenDensity":440,"deviceModel":"Redmi Note 9S","deviceManufacturer":"Xiaomi","pixelRatio":2.75,"statBarHeight":102,"viewpo...
[35m[HTTP][39m [37m<-- GET /wd/hub/session/bc1b174a-6175-4400-92a4-837448013155 [39m[32m200[39m [90m17 ms - 1109[39m
[35m[HTTP][39m [90m[39m
[35m[HTTP][39m [37m-->[39m [37mGET[39m [37m/wd/hub/session/bc1b174a-6175-4400-92a4-837448013155[39m
[35m[HTTP][39m [90m{}[39m
[debug] [35m[W3C (bc1b174a)][39m Calling AppiumDriver.getSession() with args: ["bc1b174a-6175-4400-92a4-837448013155"]
[debug] [35m[UiAutomator2][39m Getting session details from server to mix in
[debug] [35m[WD Proxy][39m Matched '/' to command name 'getSession'
[debug] [35m[WD Proxy][39m Proxying [GET /] to [GET http://127.0.0.1:8279/wd/hub/session/a2107d3e-ae94-4878-a0c6-5f46a9d9ce70] with no body
[debug] [35m[WD Proxy][39m Got response with status 200: {"sessionId":"a2107d3e-ae94-4878-a0c6-5f46a9d9ce70","value":{"lastScrollData":null}}
[debug] [35m[W3C (bc1b174a)][39m Responding to client with driver.getSession() result: {"platform":"ANDROID","webStorageEnabled":false,"takesScreenshot":true,"javascriptEnabled":true,"databaseEnabled":false,"networkConnectionEnabled":true,"locationContextEnabled":false,"warnings":{},"desired":{"platformName":"android","platform":"ANDROID","chromedriverPort":50624,"appActivity":".Settings","appPackage":"com.android.settings","autoGrantPermissions":true,"automationName":"uiautomator2","deviceName":"Xiaomi Redmi Note 9S (Android 12)","newCommandTimeout":1800,"platformVersion":"12","systemPort":8279,"udid":"794f5e71"},"platformName":"android","chromedriverPort":50624,"appActivity":".Settings","appPackage":"com.android.settings","autoGrantPermissions":true,"automationName":"uiautomator2","deviceName":"794f5e71","newCommandTimeout":1800,"platformVersion":"12","systemPort":8279,"udid":"794f5e71","deviceUDID":"794f5e71","deviceApiLevel":31,"deviceScreenSize":"1080x2400","deviceScreenDensity":440,"deviceModel":"Redmi Note 9S","deviceManufacturer":"Xiaomi","pixelRatio":2.75,"statBarHeight":102,"viewpo...
[35m[HTTP][39m [37m<-- GET /wd/hub/session/bc1b174a-6175-4400-92a4-837448013155 [39m[32m200[39m [90m15 ms - 1109[39m
[35m[HTTP][39m [90m[39m
[35m[HTTP][39m [37m-->[39m [37mGET[39m [37m/wd/hub/status[39m
[35m[HTTP][39m [90m{}[39m
[debug] [35m[GENERIC][39m Calling AppiumDriver.getStatus() with args: []
[debug] [35m[GENERIC][39m Responding to client with driver.getStatus() result: {"build":{"version":"1.20.0"}}
[35m[HTTP][39m [37m<-- GET /wd/hub/status [39m[32m200[39m [90m3 ms - 68[39m
[35m[HTTP][39m [90m[39m
[35m[HTTP][39m [37m-->[39m [37mPOST[39m [37m/wd/hub/session/bc1b174a-6175-4400-92a4-837448013155/timeouts[39m
[35m[HTTP][39m [90m{"implicit":60000}[39m
[debug] [35m[W3C (bc1b174a)][39m Calling AppiumDriver.timeouts() with args: [null,null,null,null,60000,"bc1b174a-6175-4400-92a4-837448013155"]
[debug] [35m[BaseDriver][39m W3C timeout argument: {"implicit":60000}}
[debug] [35m[BaseDriver][39m Set implicit wait to 60000ms
[debug] [35m[W3C (bc1b174a)][39m Responding to client with driver.timeouts() result: null
[35m[HTTP][39m [37m<-- POST /wd/hub/session/bc1b174a-6175-4400-92a4-837448013155/timeouts [39m[32m200[39m [90m6 ms - 14[39m
[35m[HTTP][39m [90m[39m
[35m[HTTP][39m [37m-->[39m [37mGET[39m [37m/wd/hub/session/bc1b174a-6175-4400-92a4-837448013155/screenshot[39m
[35m[HTTP][39m [90m{}[39m
[debug] [35m[W3C (bc1b174a)][39m Calling AppiumDriver.getScreenshot() with args: ["bc1b174a-6175-4400-92a4-837448013155"]
[debug] [35m[WD Proxy][39m Matched '/screenshot' to command name 'getScreenshot'
[debug] [35m[WD Proxy][39m Proxying [GET /screenshot] to [GET http://127.0.0.1:8279/wd/hub/session/a2107d3e-ae94-4878-a0c6-5f46a9d9ce70/screenshot] with no body
[debug] [35m[WD Proxy][39m Got response with status 200: {"sessionId":"a2107d3e-ae94-4878-a0c6-5f46a9d9ce70","value":"iVBORw0KGgoAAAANSUhEUgAABDgAAAlgCAYAAABtGofVAAAAAXNSR0IArs4c6QAAAARzQklUCAgI\nCHwIZIgAACAASURBVHic7N15fFTV/cbx5yZkA5LIIkEgiFBFDCJFlhIQWawELYgEEmztT5HVXQQX\nWoVCa93YrGhVEFDcQLAWtQTcEDEBVDaJAooiQWSHZNiy3t8fk5nMzWSZJDMZrn7erxcyc+fOPWfC\nNTP3mXO+x5BkCgAAAAAAwMZCgt0BAAAAAACAmiLgAAAAAAAAtkfAAQAAAAAAbI+AAwAAAAAA2B4B\nBwAAAAAAsD0CDgAAAAAAYHsEHAAAAAAAwPYIOAAAAAAAgO0RcAAAAAAAANsj4AAAAAAAALZHwAEA\nAAAAAGyPgAMAAAAAANgeAQcAAAAAALA9Ag4AAAAAAGB7BBwAAAAAAMD2CDgAAAAAAIDtEXAAAAAA\nAADbI+AAAAAAAAC2R8ABAAAAAABsj4ADAAAAAADYHgEHAAAAAACwPQIOAAAAAABgewQcAAAAAADA\n9gg4AAAAAACA7RFwAAAAAAAA2yPgAAAAAAAAtkfAAQAAAAAAbI+AAwAAAAAA2B4BBwAAAAAAsD0C\nDgAAAAAAYHsEHAAAAAAAwPYIOAAAAAAAgO0RcAAAAAAAANsj4AAAAAAAALZHwAEAAAAAAGyPgAMA\nAAAAANgeAQcAAAAAALA9Ag4AAAAAAGB7BBwAAAAAAMD2CDgAAAAAAIDtEXAAAAAAAADbI+AAAAAA\nAAC2R8ABAAAAAABsj4ADAAAAAADYHgEHAAAAAACwPQIOAAAAAABge3WC3QEAQNXFNe+ty7pMUb3o\nVoqIbFSjY+WeOaITjt3a+vlUHfhptZ966JvGHWPUvFcDndO2vs5pVV9GuKRQU6ZpyvTYzzRd95zb\n3XdlSoWGinJNHf/xpLJ3nNT+...
[debug] [35m[W3C (bc1b174a)][39m Responding to client with driver.getScreenshot() result: "iVBORw0KGgoAAAANSUhEUgAABDgAAAlgCAYAAABtGofVAAAAAXNSR0IArs4c6QAAAARzQklUCAgI\nCHwIZIgAACAASURBVHic7N15fFTV/cbx5yZkA5LIIkEgiFBFDCJFlhIQWawELYgEEmztT5HVXQQX\nWoVCa93YrGhVEFDcQLAWtQTcEDEBVDaJAooiQWSHZNiy3t8fk5nMzWSZJDMZrn7erxcyc+fOPWfC\nNTP3mXO+x5BkCgAAAAAAwMZCgt0BAAAAAACAmiLgAAAAAAAAtkfAAQAAAAAAbI+AAwAAAAAA2B4B\nBwAAAAAAsD0CDgAAAAAAYHsEHAAAAAAAwPYIOAAAAAAAgO0RcAAAAAAAANsj4AAAAAAAALZHwAEA\nAAAAAGyPgAMAAAAAANgeAQcAAAAAALA9Ag4AAAAAAGB7BBwAAAAAAMD2CDgAAAAAAIDtEXAAAAAA\nAADbI+AAAAAAAAC2R8ABAAAAAABsj4ADAAAAAADYHgEHAAAAAACwPQIOAAAAAABgewQcAAAAAADA\n9gg4AAAAAACA7RFwAAAAAAAA2yPgAAAAAAAAtkfAAQAAAAAAbI+AAwAAAAAA2B4BBwAAAAAAsD0C\nDgAAAAAAYHsEHAAAAAAAwPYIOAAAAAAAgO0RcAAAAAAAANsj4AAAAAAAALZHwAEAAAAAAGyPgAMA\nAAAAANgeAQcAAAAAALA9Ag4AAAAAAGB7BBwAAAAAAMD2CDgAAAAAAIDtEXAAAAAAAADbI+AAAAAA\nAAC2R8ABAAAAAABsj4ADAAAAAADYHgEHAAAAAACwPQIOAAAAAABge3WC3QEAQNXFNe+ty7pMUb3o\nVoqIbFSjY+WeOaITjt3a+vlUHfhptZ966JvGHWPUvFcDndO2vs5pVV9GuKRQU6ZpyvTYzzRd95zb\n3XdlSoWGinJNHf/xpLJ3nNT+T4/r6NYTtfgqQhUdeYliozopMqy5IsJjJYXKLKradwhGSJGkQuXm\nZetM/k...
[35m[HTTP][39m [37m<-- GET /wd/hub/session/bc1b174a-6175-4400-92a4-837448013155/screenshot [39m[32m200[39m [90m429 ms - 219172[39m
[35m[HTTP][39m [90m[39m
[35m[HTTP][39m [37m-->[39m [37mGET[39m [37m/wd/hub/session/bc1b174a-6175-4400-92a4-837448013155/window/rect[39m
[35m[HTTP][39m [90m{}[39m
[debug] [35m[W3C (bc1b174a)][39m Calling AppiumDriver.getWindowRect() with args: ["bc1b174a-6175-4400-92a4-837448013155"]
[debug] [35m[WD Proxy][39m Matched '/window/current/size' to command name 'getWindowSize'
[debug] [35m[WD Proxy][39m Proxying [GET /window/current/size] to [GET http://127.0.0.1:8279/wd/hub/session/a2107d3e-ae94-4878-a0c6-5f46a9d9ce70/window/current/size] with no body
[debug] [35m[WD Proxy][39m Got response with status 200: {"sessionId":"a2107d3e-ae94-4878-a0c6-5f46a9d9ce70","value":{"height":2254,"width":1080}}
[debug] [35m[W3C (bc1b174a)][39m Responding to client with driver.getWindowRect() result: {"width":1080,"height":2254,"x":0,"y":0}
[35m[HTTP][39m [37m<-- GET /wd/hub/session/bc1b174a-6175-4400-92a4-837448013155/window/rect [39m[32m200[39m [90m41 ms - 50[39m
[35m[HTTP][39m [90m[39m
[35m[HTTP][39m [37m-->[39m [37mGET[39m [37m/wd/hub/session/bc1b174a-6175-4400-92a4-837448013155/appium/device/system_bars[39m
[35m[HTTP][39m [90m{}[39m
[debug] [35m[W3C (bc1b174a)][39m Calling AppiumDriver.getSystemBars() with args: ["bc1b174a-6175-4400-92a4-837448013155"]
[debug] [35m[ADB][39m Running 'C:\Users\Jose\AppData\Local\Android\Sdk\platform-tools\adb.exe -P 5037 -s 794f5e71 shell dumpsys window windows'
[debug] [35m[W3C (bc1b174a)][39m Encountered internal error running command: Error: Failed to parse navigation bar information.
[debug] [35m[W3C (bc1b174a)][39m     at Object.errorAndThrow (C:\Users\Jose\AppData\Roaming\npm\node_modules\appium\node_modules\appium-support\lib\logging.js:94:35)
[debug] [35m[W3C (bc1b174a)][39m     at parseWindows (C:\Users\Jose\AppData\Roaming\npm\node_modules\appium\node_modules\appium-android-driver\lib\commands\general.js:378:9)
[debug] [35m[W3C (bc1b174a)][39m     at AndroidUiautomator2Driver.getSystemBars (C:\Users\Jose\AppData\Roaming\npm\node_modules\appium\node_modules\appium-android-driver\lib\commands\general.js:389:10)
[35m[HTTP][39m [37m<-- GET /wd/hub/session/bc1b174a-6175-4400-92a4-837448013155/appium/device/system_bars [39m[31m500[39m [90m192 ms - 645[39m
[35m[HTTP][39m [90m[39m
[35m[HTTP][39m [37m-->[39m [37mPOST[39m [37m/wd/hub/session/bc1b174a-6175-4400-92a4-837448013155/execute/sync[39m
[35m[HTTP][39m [90m{"script":"mobile:viewportRect","args":[]}[39m
[debug] [35m[W3C (bc1b174a)][39m Calling AppiumDriver.execute() with args: ["mobile:viewportRect",[],"bc1b174a-6175-4400-92a4-837448013155"]
[35m[AndroidDriver][39m Executing native command 'mobile:viewportRect'
[debug] [35m[WD Proxy][39m Matched '/window/current/size' to command name 'getWindowSize'
[debug] [35m[WD Proxy][39m Proxying [GET /window/current/size] to [GET http://127.0.0.1:8279/wd/hub/session/a2107d3e-ae94-4878-a0c6-5f46a9d9ce70/window/current/size] with no body
[debug] [35m[WD Proxy][39m Got response with status 200: {"sessionId":"a2107d3e-ae94-4878-a0c6-5f46a9d9ce70","value":{"height":2254,"width":1080}}
[debug] [35m[W3C (bc1b174a)][39m Responding to client with driver.execute() result: {"left":0,"top":102,"width":1080,"height":2152}
[35m[HTTP][39m [37m<-- POST /wd/hub/session/bc1b174a-6175-4400-92a4-837448013155/execute/sync [39m[32m200[39m [90m18 ms - 57[39m
[35m[HTTP][39m [90m[39m
[35m[HTTP][39m [37m-->[39m [37mPOST[39m [37m/wd/hub/session/bc1b174a-6175-4400-92a4-837448013155/appium/device/activate_app[39m
[35m[HTTP][39m [90m{"bundleId":"com.cybercapitalparnerscorp.venchat.develop"}[39m
[debug] [35m[W3C (bc1b174a)][39m Calling AppiumDriver.activateApp() with args: ["com.cybercapitalparnerscorp.venchat.develop",null,null,null,"bc1b174a-6175-4400-92a4-837448013155"]
[debug] [35m[AndroidDriver][39m Activating 'com.cybercapitalparnerscorp.venchat.develop' with 'adb shell monkey -p com.cybercapitalparnerscorp.venchat.develop -c android.intent.category.LAUNCHER 1' command
[debug] [35m[ADB][39m Running 'C:\Users\Jose\AppData\Local\Android\Sdk\platform-tools\adb.exe -P 5037 -s 794f5e71 shell monkey -p com.cybercapitalparnerscorp.venchat.develop -c android.intent.category.LAUNCHER 1'
[debug] [35m[AndroidDriver][39m Command stdout: bash arg: -p
[debug] [35m[AndroidDriver][39m   bash arg: com.cybercapitalparnerscorp.venchat.develop
[debug] [35m[AndroidDriver][39m   bash arg: -c
[debug] [35m[AndroidDriver][39m   bash arg: android.intent.category.LAUNCHER
[debug] [35m[AndroidDriver][39m   bash arg: 1
[debug] [35m[AndroidDriver][39m Events injected: 1
[debug] [35m[AndroidDriver][39m ## Network stats: elapsed time=49ms (0ms mobile, 0ms wifi, 49ms not connected)
[debug] [35m[W3C (bc1b174a)][39m Responding to client with driver.activateApp() result: null
[35m[HTTP][39m [37m<-- POST /wd/hub/session/bc1b174a-6175-4400-92a4-837448013155/appium/device/activate_app [39m[32m200[39m [90m3610 ms - 14[39m
[35m[HTTP][39m [90m[39m
[35m[HTTP][39m [37m-->[39m [37mGET[39m [37m/wd/hub/session/bc1b174a-6175-4400-92a4-837448013155/source[39m
[35m[HTTP][39m [90m{}[39m
[35m[W3C (bc1b174a)][39m Driver proxy active, passing request on via HTTP proxy
[debug] [35m[WD Proxy][39m Matched '/wd/hub/session/bc1b174a-6175-4400-92a4-837448013155/source' to command name 'getPageSource'
[debug] [35m[WD Proxy][39m Proxying [GET /wd/hub/session/bc1b174a-6175-4400-92a4-837448013155/source] to [GET http://127.0.0.1:8279/wd/hub/session/a2107d3e-ae94-4878-a0c6-5f46a9d9ce70/source] with no body
[debug] [35m[WD Proxy][39m Got response with status 200: {"sessionId":"a2107d3e-ae94-4878-a0c6-5f46a9d9ce70","value":"<?xml version='1.0' encoding='UTF-8' standalone='yes' ?>\r\n<hierarchy index=\"0\" class=\"hierarchy\" rotation=\"0\" width=\"1080\" height=\"2254\">\r\n  <android.widget.FrameLayout index=\"0\" package=\"com.cybercapitalparnerscorp.venchat.develop\" class=\"android.widget.FrameLayout\" text=\"\" checkable=\"false\" checked=\"false\" clickable=\"false\" enabled=\"true\" focusable=\"false\" focused=\"false\" long-clickable=\"false\" password=\"false\" scrollable=\"false\" selected=\"false\" bounds=\"[0,0][1080,2254]\" displayed=\"true\">\r\n    <android.widget.LinearLayout index=\"0\" package=\"com.cybercapitalparnerscorp.venchat.develop\" class=\"android.widget.LinearLayout\" text=\"\" checkable=\"false\" checked=\"false\" clickable=\"false\" enabled=\"true\" focusable=\"false\" focused=\"false\" long-clickable=\"false\" password=\"false\" scrollable=\"false\" selected=\"false\" bounds=\"[0,0][1080,2254]\" displayed=\"true\">\r\n      <android.wi...
[35m[WD Proxy][39m Replacing sessionId a2107d3e-ae94-4878-a0c6-5f46a9d9ce70 with bc1b174a-6175-4400-92a4-837448013155
[35m[HTTP][39m [37m<-- GET /wd/hub/session/bc1b174a-6175-4400-92a4-837448013155/source [39m[32m200[39m [90m366 ms - 5553[39m
[35m[HTTP][39m [90m[39m
[35m[HTTP][39m [37m-->[39m [37mGET[39m [37m/wd/hub/session/bc1b174a-6175-4400-92a4-837448013155/screenshot[39m
[35m[HTTP][39m [90m{}[39m
[debug] [35m[W3C (bc1b174a)][39m Calling AppiumDriver.getScreenshot() with args: ["bc1b174a-6175-4400-92a4-837448013155"]
[debug] [35m[WD Proxy][39m Matched '/screenshot' to command name 'getScreenshot'
[debug] [35m[WD Proxy][39m Proxying [GET /screenshot] to [GET http://127.0.0.1:8279/wd/hub/session/a2107d3e-ae94-4878-a0c6-5f46a9d9ce70/screenshot] with no body
[debug] [35m[WD Proxy][39m Got response with status 200: {"sessionId":"a2107d3e-ae94-4878-a0c6-5f46a9d9ce70","value":"iVBORw0KGgoAAAANSUhEUgAABDgAAAlgCAYAAABtGofVAAAAAXNSR0IArs4c6QAAAARzQklUCAgI\nCHwIZIgAACAASURBVHic7L15mF1XdSf621W3ZtWkKpXmebYs2bItD2BhWw4xYMAGQgKxoflIB4ib\nDP3obkgnpPNlJt1JOi9AOnkJSYckkAFiE4gd8AQ24Ak84EEeJduSLMmaq0pSDbf2++OeYQ9r7eHc\nc6tKttb32bq1zzq/vfZe49ln2AKAxFkqTG0dA2jvWoC2znlo65yH1o4BtLb3o6WtF5WWblRa56DS\n0oHmSgeamlogmiqA8ICKlEFCSrtZWqyi1iZldkwofdj8CTbVp8asYkiFVTjbJQApqXbd1LJ2apCm\nMN4+Zc4ucuFj5OZlMV2EwKaldsit8EuljR2PjU1hWMLYYhu6yQ+w2KQeFNsUnC5VYRgdx+hetW+l\nPUTHLLYinz7dhM0ydsL7Gj1XNG9ce44jdfvx6ZKZb5JfmW8otqkbG6L0oNoJNVeWTxWNEdmkAILS\nZd5DnTECNBFy+3XJ9EmHNod909i0rzG6lIweonzNiBGkT6lChvia7a81hBzb58e83Aog7RAB+VXx\nv9h8TClZpZB8rNg9pQc9RsTkQI6fyQOx+ZjwV6JisDEUGWP80oxtVGhLsWXSqx9b+R2Vj23xTAhv\n3mBjRLgcsbKE8PJ1Ud5Ijce6KKFkj5FbGFGmYD7269j0eT4f2zEizte8cbPsGAEam50U1jjTH5RP\nCUNuBZmIM9G1VYRfgq1RDFZPPtb4p6qQk5PA6dOYGjsNOToKOTIKOXwC8vhxyKNHMHX4MOShw5g6\neADy4EHIsTFG0LPko8pMC3CmUFvHALp6V6Grdzk6e5ajq2cZOruXoKN7EURTS43JDAyegOFNwqrz\nKs22855d4Ji2BQ4VO+jihetT...
[debug] [35m[W3C (bc1b174a)][39m Responding to client with driver.getScreenshot() result: "iVBORw0KGgoAAAANSUhEUgAABDgAAAlgCAYAAABtGofVAAAAAXNSR0IArs4c6QAAAARzQklUCAgI\nCHwIZIgAACAASURBVHic7L15mF1XdSf621W3ZtWkKpXmebYs2bItD2BhWw4xYMAGQgKxoflIB4ib\nDP3obkgnpPNlJt1JOi9AOnkJSYckkAFiE4gd8AQ24Ak84EEeJduSLMmaq0pSDbf2++OeYQ9r7eHc\nc6tKttb32bq1zzq/vfZe49ln2AKAxFkqTG0dA2jvWoC2znlo65yH1o4BtLb3o6WtF5WWblRa56DS\n0oHmSgeamlogmiqA8ICKlEFCSrtZWqyi1iZldkwofdj8CTbVp8asYkiFVTjbJQApqXbd1LJ2apCm\nMN4+Zc4ucuFj5OZlMV2EwKaldsit8EuljR2PjU1hWMLYYhu6yQ+w2KQeFNsUnC5VYRgdx+hetW+l\nPUTHLLYinz7dhM0ydsL7Gj1XNG9ce44jdfvx6ZKZb5JfmW8otqkbG6L0oNoJNVeWTxWNEdmkAILS\nZd5DnTECNBFy+3XJ9EmHNod909i0rzG6lIweonzNiBGkT6lChvia7a81hBzb58e83Aog7RAB+VXx\nv9h8TClZpZB8rNg9pQc9RsTkQI6fyQOx+ZjwV6JisDEUGWP80oxtVGhLsWXSqx9b+R2Vj23xTAhv\n3mBjRLgcsbKE8PJ1Ud5Ijce6KKFkj5FbGFGmYD7269j0eT4f2zEizte8cbPsGAEam50U1jjTH5RP\nCUNuBZmIM9G1VYRfgq1RDFZPPtb4p6qQk5PA6dOYGjsNOToKOTIKOXwC8vhxyKNHMHX4MOShw5g6\neADy4EHIsTFG0LPko8pMC3CmUFvHALp6V6Grdzk6e5ajq2cZOruXoKN7EURTS43JDAyegOFNwqrz\nKs22855d4Ji2BQ4VO+jihetT4Vft5HW2wEFfvDA6bsQCR0SCP7vAQVS2ygmzdoGDwigoty0LaJrB\nBY443T...
[35m[HTTP][39m [37m<-- GET /wd/hub/session/bc1b174a-6175-4400-92a4-837448013155/screenshot [39m[32m200[39m [90m480 ms - 206356[39m
[35m[HTTP][39m [90m[39m
[35m[HTTP][39m [37m-->[39m [37mPOST[39m [37m/wd/hub/session/bc1b174a-6175-4400-92a4-837448013155/elements[39m
[35m[HTTP][39m [90m{"using":"xpath","value":"//*[@class = 'android.widget.Button' and @resource-id = '' and (@text = '' or . = '')]"}[39m
[debug] [35m[W3C (bc1b174a)][39m Calling AppiumDriver.findElements() with args: ["xpath","//*[@class = 'android.widget.Button' and @resource-id = '' and (@text = '' or . = '')]","bc1b174a-6175-4400-92a4-837448013155"]
[debug] [35m[BaseDriver][39m Valid locator strategies for this request: xpath, id, class name, accessibility id, css selector, -android uiautomator
[debug] [35m[BaseDriver][39m Waiting up to 60000 ms for condition
[debug] [35m[WD Proxy][39m Matched '/elements' to command name 'findElements'
[debug] [35m[WD Proxy][39m Proxying [POST /elements] to [POST http://127.0.0.1:8279/wd/hub/session/a2107d3e-ae94-4878-a0c6-5f46a9d9ce70/elements] with body: {"strategy":"xpath","selector":"//*[@class = 'android.widget.Button' and @resource-id = '' and (@text = '' or . = '')]","context":"","multiple":true}
[debug] [35m[WD Proxy][39m Got response with status 200: {"sessionId":"a2107d3e-ae94-4878-a0c6-5f46a9d9ce70","value":[{"ELEMENT":"23c0ab92-dc2f-4352-9cd4-05c11511706d","element-6066-11e4-a52e-4f735466cecf":"23c0ab92-dc2f-4352-9cd4-05c11511706d"},{"ELEMENT":"01644963-8426-4150-a596-90399ff950d8","element-6066-11e4-a52e-4f735466cecf":"01644963-8426-4150-a596-90399ff950d8"}]}
[debug] [35m[W3C (bc1b174a)][39m Responding to client with driver.findElements() result: [{"element-6066-11e4-a52e-4f735466cecf":"23c0ab92-dc2f-4352-9cd4-05c11511706d","ELEMENT":"23c0ab92-dc2f-4352-9cd4-05c11511706d"},{"element-6066-11e4-a52e-4f735466cecf":"01644963-8426-4150-a596-90399ff950d8","ELEMENT":"01644963-8426-4150-a596-90399ff950d8"}]
[35m[HTTP][39m [37m<-- POST /wd/hub/session/bc1b174a-6175-4400-92a4-837448013155/elements [39m[32m200[39m [90m590 ms - 267[39m
[35m[HTTP][39m [90m[39m
[35m[HTTP][39m [37m-->[39m [37mPOST[39m [37m/wd/hub/session/bc1b174a-6175-4400-92a4-837448013155/elements[39m
[35m[HTTP][39m [90m{"using":"accessibility id","value":"Información del grupo"}[39m
[debug] [35m[W3C (bc1b174a)][39m Calling AppiumDriver.findElements() with args: ["accessibility id","Información del grupo","bc1b174a-6175-4400-92a4-837448013155"]
[debug] [35m[BaseDriver][39m Valid locator strategies for this request: xpath, id, class name, accessibility id, css selector, -android uiautomator
[debug] [35m[BaseDriver][39m Waiting up to 60000 ms for condition
[debug] [35m[WD Proxy][39m Matched '/elements' to command name 'findElements'
[debug] [35m[WD Proxy][39m Proxying [POST /elements] to [POST http://127.0.0.1:8279/wd/hub/session/a2107d3e-ae94-4878-a0c6-5f46a9d9ce70/elements] with body: {"strategy":"accessibility id","selector":"Información del grupo","context":"","multiple":true}
[debug] [35m[WD Proxy][39m Got response with status 200: {"sessionId":"a2107d3e-ae94-4878-a0c6-5f46a9d9ce70","value":[{"ELEMENT":"6004207e-fd0a-43a9-98ad-bfdf0bce3443","element-6066-11e4-a52e-4f735466cecf":"6004207e-fd0a-43a9-98ad-bfdf0bce3443"}]}
[debug] [35m[W3C (bc1b174a)][39m Responding to client with driver.findElements() result: [{"element-6066-11e4-a52e-4f735466cecf":"6004207e-fd0a-43a9-98ad-bfdf0bce3443","ELEMENT":"6004207e-fd0a-43a9-98ad-bfdf0bce3443"}]
[35m[HTTP][39m [37m<-- POST /wd/hub/session/bc1b174a-6175-4400-92a4-837448013155/elements [39m[32m200[39m [90m64 ms - 139[39m
[35m[HTTP][39m [90m[39m
[35m[HTTP][39m [37m-->[39m [37mPOST[39m [37m/wd/hub/session/bc1b174a-6175-4400-92a4-837448013155/elements[39m
[35m[HTTP][39m [90m{"using":"xpath","value":"//*[@class = 'android.widget.Button' and @resource-id = '' and (@text = '' or . = '')]"}[39m
[debug] [35m[W3C (bc1b174a)][39m Calling AppiumDriver.findElements() with args: ["xpath","//*[@class = 'android.widget.Button' and @resource-id = '' and (@text = '' or . = '')]","bc1b174a-6175-4400-92a4-837448013155"]
[debug] [35m[BaseDriver][39m Valid locator strategies for this request: xpath, id, class name, accessibility id, css selector, -android uiautomator
[debug] [35m[BaseDriver][39m Waiting up to 60000 ms for condition
[debug] [35m[WD Proxy][39m Matched '/elements' to command name 'findElements'
[debug] [35m[WD Proxy][39m Proxying [POST /elements] to [POST http://127.0.0.1:8279/wd/hub/session/a2107d3e-ae94-4878-a0c6-5f46a9d9ce70/elements] with body: {"strategy":"xpath","selector":"//*[@class = 'android.widget.Button' and @resource-id = '' and (@text = '' or . = '')]","context":"","multiple":true}
[debug] [35m[WD Proxy][39m Got response with status 200: {"sessionId":"a2107d3e-ae94-4878-a0c6-5f46a9d9ce70","value":[{"ELEMENT":"23c0ab92-dc2f-4352-9cd4-05c11511706d","element-6066-11e4-a52e-4f735466cecf":"23c0ab92-dc2f-4352-9cd4-05c11511706d"},{"ELEMENT":"01644963-8426-4150-a596-90399ff950d8","element-6066-11e4-a52e-4f735466cecf":"01644963-8426-4150-a596-90399ff950d8"}]}
[debug] [35m[W3C (bc1b174a)][39m Responding to client with driver.findElements() result: [{"element-6066-11e4-a52e-4f735466cecf":"23c0ab92-dc2f-4352-9cd4-05c11511706d","ELEMENT":"23c0ab92-dc2f-4352-9cd4-05c11511706d"},{"element-6066-11e4-a52e-4f735466cecf":"01644963-8426-4150-a596-90399ff950d8","ELEMENT":"01644963-8426-4150-a596-90399ff950d8"}]
[35m[HTTP][39m [37m<-- POST /wd/hub/session/bc1b174a-6175-4400-92a4-837448013155/elements [39m[32m200[39m [90m103 ms - 267[39m
[35m[HTTP][39m [90m[39m
[35m[HTTP][39m [37m-->[39m [37mPOST[39m [37m/wd/hub/session/bc1b174a-6175-4400-92a4-837448013155/elements[39m
[35m[HTTP][39m [90m{"using":"accessibility id","value":"Archivos"}[39m
[debug] [35m[W3C (bc1b174a)][39m Calling AppiumDriver.findElements() with args: ["accessibility id","Archivos","bc1b174a-6175-4400-92a4-837448013155"]
[debug] [35m[BaseDriver][39m Valid locator strategies for this request: xpath, id, class name, accessibility id, css selector, -android uiautomator
[debug] [35m[BaseDriver][39m Waiting up to 60000 ms for condition
[debug] [35m[WD Proxy][39m Matched '/elements' to command name 'findElements'
[debug] [35m[WD Proxy][39m Proxying [POST /elements] to [POST http://127.0.0.1:8279/wd/hub/session/a2107d3e-ae94-4878-a0c6-5f46a9d9ce70/elements] with body: {"strategy":"accessibility id","selector":"Archivos","context":"","multiple":true}
[debug] [35m[WD Proxy][39m Got response with status 200: {"sessionId":"a2107d3e-ae94-4878-a0c6-5f46a9d9ce70","value":[{"ELEMENT":"6f62f84c-9fe3-4e6a-91aa-cfc7410f7c2e","element-6066-11e4-a52e-4f735466cecf":"6f62f84c-9fe3-4e6a-91aa-cfc7410f7c2e"}]}
[debug] [35m[W3C (bc1b174a)][39m Responding to client with driver.findElements() result: [{"element-6066-11e4-a52e-4f735466cecf":"6f62f84c-9fe3-4e6a-91aa-cfc7410f7c2e","ELEMENT":"6f62f84c-9fe3-4e6a-91aa-cfc7410f7c2e"}]
[35m[HTTP][39m [37m<-- POST /wd/hub/session/bc1b174a-6175-4400-92a4-837448013155/elements [39m[32m200[39m [90m73 ms - 139[39m
[35m[HTTP][39m [90m[39m
[35m[HTTP][39m [37m-->[39m [37mDELETE[39m [37m/wd/hub/session/bc1b174a-6175-4400-92a4-837448013155[39m
[35m[HTTP][39m [90m{}[39m
[debug] [35m[W3C (bc1b174a)][39m Calling AppiumDriver.deleteSession() with args: ["bc1b174a-6175-4400-92a4-837448013155"]
[debug] [35m[BaseDriver][39m Event 'quitSessionRequested' logged at 1693586729475 (12:45:29 GMT-0400 (hora de Venezuela))
[35m[Appium][39m Removing session bc1b174a-6175-4400-92a4-837448013155 from our master session list
[debug] [35m[UiAutomator2][39m Deleting UiAutomator2 session
[debug] [35m[UiAutomator2][39m Deleting UiAutomator2 server session
[debug] [35m[WD Proxy][39m Matched '/' to command name 'deleteSession'
[debug] [35m[WD Proxy][39m Proxying [DELETE /] to [DELETE http://127.0.0.1:8279/wd/hub/session/a2107d3e-ae94-4878-a0c6-5f46a9d9ce70] with no body
[debug] [35m[WD Proxy][39m Got response with status 200: {"sessionId":"a2107d3e-ae94-4878-a0c6-5f46a9d9ce70","value":null}
[debug] [35m[ADB][39m Running 'C:\Users\Jose\AppData\Local\Android\Sdk\platform-tools\adb.exe -P 5037 -s 794f5e71 shell am force-stop com.android.settings'
[debug] [35m[Instrumentation][39m .
[debug] [35m[Logcat][39m Stopping logcat capture
[debug] [35m[ADB][39m Removing forwarded port socket connection: 8279 
[debug] [35m[ADB][39m Running 'C:\Users\Jose\AppData\Local\Android\Sdk\platform-tools\adb.exe -P 5037 -s 794f5e71 forward --remove tcp:8279'
[35m[UiAutomator2][39m Restoring hidden api policy to the device default configuration
[debug] [35m[ADB][39m Running 'C:\Users\Jose\AppData\Local\Android\Sdk\platform-tools\adb.exe -P 5037 -s 794f5e71 shell 'settings delete global hidden_api_policy_pre_p_apps;settings delete global hidden_api_policy_p_apps;settings delete global hidden_api_policy''
[debug] [35m[BaseDriver][39m Event 'quitSessionFinished' logged at 1693586730128 (12:45:30 GMT-0400 (hora de Venezuela))
[debug] [35m[W3C (bc1b174a)][39m Received response: null
[debug] [35m[W3C (bc1b174a)][39m But deleting session, so not returning
[debug] [35m[W3C (bc1b174a)][39m Responding to client with driver.deleteSession() result: null
[35m[HTTP][39m [37m<-- DELETE /wd/hub/session/bc1b174a-6175-4400-92a4-837448013155 [39m[32m200[39m [90m656 ms - 14[39m
[35m[HTTP][39m [90m[39m
[debug] [35m[Instrumentation][39m Time: 1,008.399
[debug] [35m[Instrumentation][39m 
[debug] [35m[Instrumentation][39m OK (1 test)
